<?xml version="1.0" encoding="UTF-8"?>
<!-- Generated by org.testng.reporters.JUnitReportReporter -->
<testsuite hostname="LAPTOP-GFBLAG0U" failures="0" tests="1" name="tests.authen.LoginTestWithBaseTest" time="0.000" errors="0" timestamp="2022-08-26T18:43:38 ICT" skipped="1">
  <testcase classname="tests.authen.LoginTestWithBaseTest" name="testLogin" time="0.000">
    <skipped/>
  </testcase> <!-- testLogin -->
  <system-out/>
</testsuite> <!-- tests.authen.LoginTestWithBaseTest -->
